六月 24, 2018 1:58:08 下午 org.apache.catalina.startup.VersionLoggerListener log
信息: Server version:        Apache Tomcat/7.0.88
六月 24, 2018 1:58:08 下午 org.apache.catalina.startup.VersionLoggerListener log
信息: Server built:          May 7 2018 11:12:57 UTC
六月 24, 2018 1:58:08 下午 org.apache.catalina.startup.VersionLoggerListener log
信息: Server number:         7.0.88.0
六月 24, 2018 1:58:08 下午 org.apache.catalina.startup.VersionLoggerListener log
信息: OS Name:               Windows 8.1
六月 24, 2018 1:58:08 下午 org.apache.catalina.startup.VersionLoggerListener log
信息: OS Version:            6.3
六月 24, 2018 1:58:08 下午 org.apache.catalina.startup.VersionLoggerListener log
信息: Architecture:          amd64
六月 24, 2018 1:58:08 下午 org.apache.catalina.startup.VersionLoggerListener log
信息: Java Home:             C:\Program Files\java\jdk1.7.0_71\jre
六月 24, 2018 1:58:08 下午 org.apache.catalina.startup.VersionLoggerListener log
信息: JVM Version:           1.7.0_71-b14
六月 24, 2018 1:58:08 下午 org.apache.catalina.startup.VersionLoggerListener log
信息: JVM Vendor:            Oracle Corporation
六月 24, 2018 1:58:08 下午 org.apache.catalina.startup.VersionLoggerListener log
信息: CATALINA_BASE:         D:\新建文件夹 (3)\apache-tomcat-7.0.88-windows-x64\apache-tomcat-7.0.88
六月 24, 2018 1:58:08 下午 org.apache.catalina.startup.VersionLoggerListener log
信息: CATALINA_HOME:         D:\新建文件夹 (3)\apache-tomcat-7.0.88-windows-x64\apache-tomcat-7.0.88
六月 24, 2018 1:58:08 下午 org.apache.catalina.startup.VersionLoggerListener log
信息: Command line argument: -Djava.util.logging.config.file=D:\新建文件夹 (3)\apache-tomcat-7.0.88-windows-x64\apache-tomcat-7.0.88\conf\logging.properties
六月 24, 2018 1:58:08 下午 org.apache.catalina.startup.VersionLoggerListener log
信息: Command line argument: -Djava.util.logging.manager=org.apache.juli.ClassLoaderLogManager
六月 24, 2018 1:58:08 下午 org.apache.catalina.startup.VersionLoggerListener log
信息: Command line argument: -Djdk.tls.ephemeralDHKeySize=2048
六月 24, 2018 1:58:08 下午 org.apache.catalina.startup.VersionLoggerListener log
信息: Command line argument: -Dignore.endorsed.dirs=
六月 24, 2018 1:58:08 下午 org.apache.catalina.startup.VersionLoggerListener log
信息: Command line argument: -Dcatalina.base=D:\新建文件夹 (3)\apache-tomcat-7.0.88-windows-x64\apache-tomcat-7.0.88
六月 24, 2018 1:58:08 下午 org.apache.catalina.startup.VersionLoggerListener log
信息: Command line argument: -Dcatalina.home=D:\新建文件夹 (3)\apache-tomcat-7.0.88-windows-x64\apache-tomcat-7.0.88
六月 24, 2018 1:58:08 下午 org.apache.catalina.startup.VersionLoggerListener log
信息: Command line argument: -Djava.io.tmpdir=D:\新建文件夹 (3)\apache-tomcat-7.0.88-windows-x64\apache-tomcat-7.0.88\temp
六月 24, 2018 1:58:08 下午 org.apache.catalina.core.AprLifecycleListener lifecycleEvent
信息: Loaded APR based Apache Tomcat Native library 1.2.16 using APR version 1.6.3.
六月 24, 2018 1:58:08 下午 org.apache.catalina.core.AprLifecycleListener lifecycleEvent
信息: APR capabilities: IPv6 [true], sendfile [true], accept filters [false], random [true].
六月 24, 2018 1:58:09 下午 org.apache.catalina.core.AprLifecycleListener initializeSSL
信息: OpenSSL successfully initialized (OpenSSL 1.0.2m  2 Nov 2017)
六月 24, 2018 1:58:09 下午 org.apache.coyote.AbstractProtocol init
信息: Initializing ProtocolHandler ["http-apr-8080"]
六月 24, 2018 1:58:09 下午 org.apache.coyote.AbstractProtocol init
信息: Initializing ProtocolHandler ["ajp-apr-8009"]
六月 24, 2018 1:58:09 下午 org.apache.catalina.startup.Catalina load
信息: Initialization processed in 1088 ms
六月 24, 2018 1:58:09 下午 org.apache.catalina.core.StandardService startInternal
信息: Starting service Catalina
六月 24, 2018 1:58:09 下午 org.apache.catalina.core.StandardEngine startInternal
信息: Starting Servlet Engine: Apache Tomcat/7.0.88
六月 24, 2018 1:58:09 下午 org.apache.catalina.startup.HostConfig deployDirectory
信息: Deploying web application directory D:\新建文件夹 (3)\apache-tomcat-7.0.88-windows-x64\apache-tomcat-7.0.88\webapps\docs
六月 24, 2018 1:58:10 下午 org.apache.catalina.util.SessionIdGeneratorBase createSecureRandom
警告: Creation of SecureRandom instance for session ID generation using [SHA1PRNG] took [167] milliseconds.
六月 24, 2018 1:58:10 下午 org.apache.catalina.startup.HostConfig deployDirectory
信息: Deployment of web application directory D:\新建文件夹 (3)\apache-tomcat-7.0.88-windows-x64\apache-tomcat-7.0.88\webapps\docs has finished in 624 ms
六月 24, 2018 1:58:10 下午 org.apache.catalina.startup.HostConfig deployDirectory
信息: Deploying web application directory D:\新建文件夹 (3)\apache-tomcat-7.0.88-windows-x64\apache-tomcat-7.0.88\webapps\examples
六月 24, 2018 1:58:10 下午 org.apache.catalina.startup.HostConfig deployDirectory
信息: Deployment of web application directory D:\新建文件夹 (3)\apache-tomcat-7.0.88-windows-x64\apache-tomcat-7.0.88\webapps\examples has finished in 346 ms
六月 24, 2018 1:58:10 下午 org.apache.catalina.startup.HostConfig deployDirectory
信息: Deploying web application directory D:\新建文件夹 (3)\apache-tomcat-7.0.88-windows-x64\apache-tomcat-7.0.88\webapps\host-manager
六月 24, 2018 1:58:10 下午 org.apache.catalina.startup.HostConfig deployDirectory
信息: Deployment of web application directory D:\新建文件夹 (3)\apache-tomcat-7.0.88-windows-x64\apache-tomcat-7.0.88\webapps\host-manager has finished in 115 ms
六月 24, 2018 1:58:10 下午 org.apache.catalina.startup.HostConfig deployDirectory
信息: Deploying web application directory D:\新建文件夹 (3)\apache-tomcat-7.0.88-windows-x64\apache-tomcat-7.0.88\webapps\manager
六月 24, 2018 1:58:10 下午 org.apache.catalina.startup.HostConfig deployDirectory
信息: Deployment of web application directory D:\新建文件夹 (3)\apache-tomcat-7.0.88-windows-x64\apache-tomcat-7.0.88\webapps\manager has finished in 61 ms
六月 24, 2018 1:58:10 下午 org.apache.catalina.startup.HostConfig deployDirectory
信息: Deploying web application directory D:\新建文件夹 (3)\apache-tomcat-7.0.88-windows-x64\apache-tomcat-7.0.88\webapps\ROOT
六月 24, 2018 1:58:10 下午 org.apache.catalina.startup.HostConfig deployDirectory
信息: Deployment of web application directory D:\新建文件夹 (3)\apache-tomcat-7.0.88-windows-x64\apache-tomcat-7.0.88\webapps\ROOT has finished in 59 ms
六月 24, 2018 1:58:10 下午 org.apache.coyote.AbstractProtocol start
信息: Starting ProtocolHandler ["http-apr-8080"]
六月 24, 2018 1:58:10 下午 org.apache.coyote.AbstractProtocol start
信息: Starting ProtocolHandler ["ajp-apr-8009"]
六月 24, 2018 1:58:10 下午 org.apache.catalina.startup.Catalina start
信息: Server startup in 1320 ms
六月 24, 2018 1:58:33 下午 org.apache.coyote.AbstractProtocol pause
信息: Pausing ProtocolHandler ["http-apr-8080"]
六月 24, 2018 1:58:33 下午 org.apache.coyote.AbstractProtocol pause
信息: Pausing ProtocolHandler ["ajp-apr-8009"]
六月 24, 2018 1:58:33 下午 org.apache.catalina.core.StandardService stopInternal
信息: Stopping service Catalina
六月 24, 2018 1:58:33 下午 org.apache.coyote.AbstractProtocol stop
信息: Stopping ProtocolHandler ["http-apr-8080"]
六月 24, 2018 1:58:33 下午 org.apache.coyote.AbstractProtocol stop
信息: Stopping ProtocolHandler ["ajp-apr-8009"]
六月 24, 2018 1:58:33 下午 org.apache.coyote.AbstractProtocol destroy
信息: Destroying ProtocolHandler ["http-apr-8080"]
六月 24, 2018 1:58:33 下午 org.apache.coyote.AbstractProtocol destroy
信息: Destroying ProtocolHandler ["ajp-apr-8009"]
